[0.337s] Invoking command in '/home/takumi/tc_ws/src/orne-box/build/orne_box_bringup': /usr/bin/cmake /home/takumi/tc_ws/src/orne-box/orne_box_bringup -DCATKIN_INSTALL_INTO_PREFIX_ROOT=0 -DCMAKE_INSTALL_PREFIX=/home/takumi/tc_ws/src/orne-box/install/orne_box_bringup
[0.511s] -- The C compiler identification is GNU 9.4.0
[0.671s] -- The CXX compiler identification is GNU 9.4.0
[0.679s] -- Check for working C compiler: /usr/bin/cc
[0.762s] -- Check for working C compiler: /usr/bin/cc -- works
[0.764s] -- Detecting C compiler ABI info
[0.839s] -- Detecting C compiler ABI info - done
[0.868s] -- Detecting C compile features
[0.869s] -- Detecting C compile features - done
[0.876s] -- Check for working CXX compiler: /usr/bin/c++
[0.969s] -- Check for working CXX compiler: /usr/bin/c++ -- works
[0.971s] -- Detecting CXX compiler ABI info
[1.063s] -- Detecting CXX compiler ABI info - done
[1.079s] -- Detecting CXX compile features
[1.080s] -- Detecting CXX compile features - done
[1.085s] -- Using CATKIN_DEVEL_PREFIX: /home/takumi/tc_ws/src/orne-box/build/orne_box_bringup/devel
[1.086s] -- Using CMAKE_PREFIX_PATH: /home/takumi/tc_ws/devel;/opt/ros/noetic
[1.086s] -- This workspace overlays: /home/takumi/tc_ws/devel;/opt/ros/noetic
[1.115s] -- Found PythonInterp: /usr/bin/python3 (found suitable version "3.8.10", minimum required is "3") 
[1.115s] -- Using PYTHON_EXECUTABLE: /usr/bin/python3
[1.115s] -- Using Debian Python package layout
[1.159s] -- Found PY_em: /usr/lib/python3/dist-packages/em.py  
[1.159s] -- Using empy: /usr/lib/python3/dist-packages/em.py
[1.319s] -- Using CATKIN_ENABLE_TESTING: ON
[1.319s] -- Call enable_testing()
[1.321s] -- Using CATKIN_TEST_RESULTS_DIR: /home/takumi/tc_ws/src/orne-box/build/orne_box_bringup/test_results
[1.710s] -- Forcing gtest/gmock from source, though one was otherwise available.
[1.710s] -- Found gtest sources under '/usr/src/googletest': gtests will be built
[1.710s] -- Found gmock sources under '/usr/src/googletest': gmock will be built
[1.743s] -- Found PythonInterp: /usr/bin/python3 (found version "3.8.10") 
[1.746s] -- Found Threads: TRUE  
[1.754s] -- Using Python nosetests: /usr/bin/nosetests3
[1.829s] -- catkin 0.8.10
[1.829s] -- BUILD_SHARED_LIBS is on
[2.117s] -- Using these message generators: gencpp;geneus;genlisp;gennodejs;genpy
[2.531s] -- Configuring done
[2.553s] -- Generating done
[2.556s] -- Build files have been written to: /home/takumi/tc_ws/src/orne-box/build/orne_box_bringup
[3.103s] Invoked command in '/home/takumi/tc_ws/src/orne-box/build/orne_box_bringup' returned '0': /usr/bin/cmake /home/takumi/tc_ws/src/orne-box/orne_box_bringup -DCATKIN_INSTALL_INTO_PREFIX_ROOT=0 -DCMAKE_INSTALL_PREFIX=/home/takumi/tc_ws/src/orne-box/install/orne_box_bringup
[3.106s] Invoking command in '/home/takumi/tc_ws/src/orne-box/build/orne_box_bringup': /usr/bin/cmake --build /home/takumi/tc_ws/src/orne-box/build/orne_box_bringup -- -j8 -l8
[3.146s] [35m[1mScanning dependencies of target projected_transform_publisher_node[0m
[3.266s] [ 50%] [32mBuilding CXX object CMakeFiles/projected_transform_publisher_node.dir/src/projected_transform_publisher_node.cpp.o[0m
[5.043s] make[2]: *** [CMakeFiles/projected_transform_publisher_node.dir/build.make:63: CMakeFiles/projected_transform_publisher_node.dir/src/projected_transform_publisher_node.cpp.o] Interrupt
[5.043s] make[1]: *** [CMakeFiles/Makefile2:580: CMakeFiles/projected_transform_publisher_node.dir/all] Interrupt
[5.043s] make: *** [Makefile:141: all] Interrupt
