[0.117s] Invoking command in '/home/takumi/tc_ws/src/orne-box/build/orne_box_simulations': CMAKE_PREFIX_PATH=/home/takumi/tc_ws/src/orne-box/install/orne_box_description:${CMAKE_PREFIX_PATH} PKG_CONFIG_PATH=/home/takumi/tc_ws/src/orne-box/install/orne_box_description/lib/x86_64-linux-gnu/pkgconfig:/home/takumi/tc_ws/src/orne-box/install/orne_box_description/lib/pkgconfig:${PKG_CONFIG_PATH} ROS_PACKAGE_PATH=/home/takumi/tc_ws/src/orne-box/install/orne_box_description/share:${ROS_PACKAGE_PATH} /usr/bin/cmake /home/takumi/tc_ws/src/orne-box/orne_box_simulations -DCATKIN_INSTALL_INTO_PREFIX_ROOT=0 -DCMAKE_INSTALL_PREFIX=/home/takumi/tc_ws/src/orne-box/install/orne_box_simulations
[0.183s] -- The C compiler identification is GNU 9.4.0
[0.250s] -- The CXX compiler identification is GNU 9.4.0
[0.257s] -- Check for working C compiler: /usr/bin/cc
[0.326s] -- Check for working C compiler: /usr/bin/cc -- works
[0.327s] -- Detecting C compiler ABI info
[0.394s] -- Detecting C compiler ABI info - done
[0.412s] -- Detecting C compile features
[0.413s] -- Detecting C compile features - done
[0.415s] -- Check for working CXX compiler: /usr/bin/c++
[0.496s] -- Check for working CXX compiler: /usr/bin/c++ -- works
[0.497s] -- Detecting CXX compiler ABI info
[0.580s] -- Detecting CXX compiler ABI info - done
[0.592s] -- Detecting CXX compile features
[0.592s] -- Detecting CXX compile features - done
[0.595s] -- Using CATKIN_DEVEL_PREFIX: /home/takumi/tc_ws/src/orne-box/build/orne_box_simulations/devel
[0.596s] -- Using CMAKE_PREFIX_PATH: /home/takumi/tc_ws/src/orne-box/install/orne_box_description;/home/takumi/tc_ws/devel;/opt/ros/noetic
[0.597s] -- This workspace overlays: /home/takumi/tc_ws/src/orne-box/install/orne_box_description;/home/takumi/tc_ws/devel;/opt/ros/noetic
[0.620s] -- Found PythonInterp: /usr/bin/python3 (found suitable version "3.8.10", minimum required is "3") 
[0.621s] -- Using PYTHON_EXECUTABLE: /usr/bin/python3
[0.621s] -- Using Debian Python package layout
[0.661s] -- Found PY_em: /usr/lib/python3/dist-packages/em.py  
[0.662s] -- Using empy: /usr/lib/python3/dist-packages/em.py
[0.778s] -- Using CATKIN_ENABLE_TESTING: ON
[0.778s] -- Call enable_testing()
[0.780s] -- Using CATKIN_TEST_RESULTS_DIR: /home/takumi/tc_ws/src/orne-box/build/orne_box_simulations/test_results
[1.059s] -- Forcing gtest/gmock from source, though one was otherwise available.
[1.059s] -- Found gtest sources under '/usr/src/googletest': gtests will be built
[1.059s] -- Found gmock sources under '/usr/src/googletest': gmock will be built
[1.083s] -- Found PythonInterp: /usr/bin/python3 (found version "3.8.10") 
[1.085s] -- Found Threads: TRUE  
[1.091s] -- Using Python nosetests: /usr/bin/nosetests3
[1.145s] -- catkin 0.8.10
[1.145s] -- BUILD_SHARED_LIBS is on
[1.378s] -- Using these message generators: gencpp;geneus;genlisp;gennodejs;genpy
[1.517s] -- Found PkgConfig: /usr/bin/pkg-config (found version "0.29.1") 
[1.519s] -- Checking for module 'bullet>=2.82'
[1.533s] --   Found bullet, version 2.88
[1.650s] -- Found ccd: /usr/include (found suitable version "2.0", minimum required is "2.0") 
[1.707s] -- Found fcl: /usr/include (found suitable version "0.5.0", minimum required is "0.3.2") 
[1.765s] -- Found assimp: /usr/include (found version "5.0.0") 
[1.798s] -- Found DART: /usr/include (Required is at least version "6.6") found components: dart 
[1.827s] -- Found Boost: /usr/lib/x86_64-linux-gnu/cmake/Boost-1.71.0/BoostConfig.cmake (found suitable version "1.71.0", minimum required is "1.40.0") found components: thread system filesystem program_options regex iostreams date_time 
[1.855s] -- Found Protobuf: /usr/lib/x86_64-linux-gnu/libprotobuf.so;-lpthread (found version "3.6.1") 
[1.860s] -- Looking for ignition-math6 -- found version 6.15.0
[1.869s] -- Searching for dependencies of ignition-math6
[1.872s] -- Looking for OGRE...
[1.873s] -- OGRE_PREFIX_WATCH changed.
[1.879s] -- Checking for module 'OGRE'
[1.896s] --   Found OGRE, version 1.9.0
[1.935s] -- Found Ogre Ghadamon (1.9.0)
[1.943s] -- Found OGRE: optimized;/usr/lib/x86_64-linux-gnu/libOgreMain.so;debug;/usr/lib/x86_64-linux-gnu/libOgreMain.so
[1.955s] -- Looking for OGRE_Paging...
[1.963s] -- Found OGRE_Paging: optimized;/usr/lib/x86_64-linux-gnu/libOgrePaging.so;debug;/usr/lib/x86_64-linux-gnu/libOgrePaging.so
[1.963s] -- Looking for OGRE_Terrain...
[1.969s] -- Found OGRE_Terrain: optimized;/usr/lib/x86_64-linux-gnu/libOgreTerrain.so;debug;/usr/lib/x86_64-linux-gnu/libOgreTerrain.so
[1.969s] -- Looking for OGRE_Property...
[1.976s] -- Found OGRE_Property: optimized;/usr/lib/x86_64-linux-gnu/libOgreProperty.so;debug;/usr/lib/x86_64-linux-gnu/libOgreProperty.so
[1.976s] -- Looking for OGRE_RTShaderSystem...
[1.982s] -- Found OGRE_RTShaderSystem: optimized;/usr/lib/x86_64-linux-gnu/libOgreRTShaderSystem.so;debug;/usr/lib/x86_64-linux-gnu/libOgreRTShaderSystem.so
[1.982s] -- Looking for OGRE_Volume...
[1.988s] -- Found OGRE_Volume: optimized;/usr/lib/x86_64-linux-gnu/libOgreVolume.so;debug;/usr/lib/x86_64-linux-gnu/libOgreVolume.so
[1.988s] -- Looking for OGRE_Overlay...
[1.993s] -- Found OGRE_Overlay: optimized;/usr/lib/x86_64-linux-gnu/libOgreOverlay.so;debug;/usr/lib/x86_64-linux-gnu/libOgreOverlay.so
[2.050s] Invoked command in '/home/takumi/tc_ws/src/orne-box/build/orne_box_simulations' returned '-2': CMAKE_PREFIX_PATH=/home/takumi/tc_ws/src/orne-box/install/orne_box_description:${CMAKE_PREFIX_PATH} PKG_CONFIG_PATH=/home/takumi/tc_ws/src/orne-box/install/orne_box_description/lib/x86_64-linux-gnu/pkgconfig:/home/takumi/tc_ws/src/orne-box/install/orne_box_description/lib/pkgconfig:${PKG_CONFIG_PATH} ROS_PACKAGE_PATH=/home/takumi/tc_ws/src/orne-box/install/orne_box_description/share:${ROS_PACKAGE_PATH} /usr/bin/cmake /home/takumi/tc_ws/src/orne-box/orne_box_simulations -DCATKIN_INSTALL_INTO_PREFIX_ROOT=0 -DCMAKE_INSTALL_PREFIX=/home/takumi/tc_ws/src/orne-box/install/orne_box_simulations
[2.054s] Traceback (most recent call last):
  File "/usr/lib/python3/dist-packages/colcon_parallel_executor/executor/parallel.py", line 75, in execute
    loop.run_until_complete(future)
  File "/usr/lib/python3.8/asyncio/base_events.py", line 603, in run_until_complete
    self.run_forever()
  File "/usr/lib/python3.8/asyncio/base_events.py", line 570, in run_forever
    self._run_once()
  File "/usr/lib/python3.8/asyncio/base_events.py", line 1823, in _run_once
    event_list = self._selector.select(timeout)
  File "/usr/lib/python3.8/selectors.py", line 468, in select
    fd_event_list = self._selector.poll(timeout, max_ev)
KeyboardInterrupt

During handling of the above exception, another exception occurred:

Traceback (most recent call last):
  File "/usr/lib/python3/dist-packages/colcon_core/executor/__init__.py", line 91, in __call__
    rc = await self.task(*args, **kwargs)
  File "/usr/lib/python3/dist-packages/colcon_core/task/__init__.py", line 93, in __call__
    return await task_method(*args, **kwargs)
  File "/usr/lib/python3/dist-packages/colcon_ros/task/catkin/build.py", line 74, in build
    rc = await extension.build(
  File "/usr/lib/python3/dist-packages/colcon_cmake/task/cmake/build.py", line 87, in build
    rc = await self._reconfigure(args, env)
  File "/usr/lib/python3/dist-packages/colcon_cmake/task/cmake/build.py", line 182, in _reconfigure
    buildfile = get_buildfile(cmake_cache)
  File "/usr/lib/python3/dist-packages/colcon_cmake/task/cmake/__init__.py", line 114, in get_buildfile
    if 'Visual Studio' in generator:
TypeError: argument of type 'NoneType' is not iterable
